<?xml version="1.0" encoding="UTF-8"?><testsuite errors="1" failures="0" name="Google Homepage Search" skipped="0" tests="1" time="0.66" timestamp="2020-10-05 08:23:49"><testcase name="User can search with “Google Search”"><error message="Could not instantiate new WebDriver instance of type class org.openqa.selenium.chrome.ChromeDriver (The path to the driver executable must be set by the webdriver.chrome.driver system property; for more information, see https://github.com/SeleniumHQ/selenium/wiki/ChromeDriver. The latest version can be downloaded from http://chromedriver.storage.googleapis.com/index.html). See below for more details." type="net.thucydides.core.webdriver.DriverConfigurationError">Could not instantiate new WebDriver instance of type class org.openqa.selenium.chrome.ChromeDriver (The path to the driver executable must be set by the webdriver.chrome.driver system property; for more information, see https://github.com/SeleniumHQ/selenium/wiki/ChromeDriver. The latest version can be downloaded from http://chromedriver.storage.googleapis.com/index.html). See below for more details.</error><system-err>Could not instantiate new WebDriver instance of type class org.openqa.selenium.chrome.ChromeDriver (The path to the driver executable must be set by the webdriver.chrome.driver system property; for more information, see https://github.com/SeleniumHQ/selenium/wiki/ChromeDriver. The latest version can be downloaded from http://chromedriver.storage.googleapis.com/index.html). See below for more details.&#13;
pages.GoogleHome.goToGooglePage(GoogleHome.java:24)&#13;
co.stepdefinitions.GoogleSearchStep.imOnTheHomepage(GoogleSearchStep.java:22)&#13;
cucumber.runner.Runner.runPickle(Runner.java:80)&#13;
</system-err></testcase></testsuite>